{
  "0 debug pnpm:scope": {
    "selected": 1,
    "workspacePrefix": "/Users/tantaman/workspace/tantaman.github.io"
  },
  "1 info pnpm": {
    "err": {
      "name": "Error",
      "message": "not found: watch",
      "code": "ENOENT",
      "stack": "Error: not found: watch\n    at getNotFoundError (/Users/tantaman/.nvm/versions/node/v17.5.0/pnpm-global/5/node_modules/.pnpm/pnpm@7.0.0/node_modules/pnpm/dist/pnpm.cjs:41518:51)\n    at Function.whichSync [as sync] (/Users/tantaman/.nvm/versions/node/v17.5.0/pnpm-global/5/node_modules/.pnpm/pnpm@7.0.0/node_modules/pnpm/dist/pnpm.cjs:41595:13)\n    at getCommandAbsolutePathSync (/Users/tantaman/.nvm/versions/node/v17.5.0/pnpm-global/5/node_modules/.pnpm/pnpm@7.0.0/node_modules/pnpm/dist/pnpm.cjs:43160:44)\n    at default_1 (/Users/tantaman/.nvm/versions/node/v17.5.0/pnpm-global/5/node_modules/.pnpm/pnpm@7.0.0/node_modules/pnpm/dist/pnpm.cjs:43169:32)\n    at /Users/tantaman/.nvm/versions/node/v17.5.0/pnpm-global/5/node_modules/.pnpm/pnpm@7.0.0/node_modules/pnpm/dist/pnpm.cjs:171190:39"
    }
  },
  "2 error pnpm": {
    "code": "ERR_PNPM_RECURSIVE_EXEC_FIRST_FAIL",
    "prefix": "/Users/tantaman/workspace/tantaman.github.io/packages/frontend",
    "err": {
      "name": "pnpm",
      "message": "not found: watch",
      "code": "ERR_PNPM_RECURSIVE_EXEC_FIRST_FAIL",
      "stack": "Error: not found: watch\n    at getNotFoundError (/Users/tantaman/.nvm/versions/node/v17.5.0/pnpm-global/5/node_modules/.pnpm/pnpm@7.0.0/node_modules/pnpm/dist/pnpm.cjs:41518:51)\n    at Function.whichSync [as sync] (/Users/tantaman/.nvm/versions/node/v17.5.0/pnpm-global/5/node_modules/.pnpm/pnpm@7.0.0/node_modules/pnpm/dist/pnpm.cjs:41595:13)\n    at getCommandAbsolutePathSync (/Users/tantaman/.nvm/versions/node/v17.5.0/pnpm-global/5/node_modules/.pnpm/pnpm@7.0.0/node_modules/pnpm/dist/pnpm.cjs:43160:44)\n    at default_1 (/Users/tantaman/.nvm/versions/node/v17.5.0/pnpm-global/5/node_modules/.pnpm/pnpm@7.0.0/node_modules/pnpm/dist/pnpm.cjs:43169:32)\n    at /Users/tantaman/.nvm/versions/node/v17.5.0/pnpm-global/5/node_modules/.pnpm/pnpm@7.0.0/node_modules/pnpm/dist/pnpm.cjs:171190:39"
    }
  }
}